2025-01-02 17:31:09,005 - DEBUG - Falling back to TensorFlow client; we recommended you install the Cloud TPU client directly with pip install cloud-tpu-client.
2025-01-02 17:31:09,413 - DEBUG - Creating converter from 7 to 5
2025-01-02 17:31:09,413 - DEBUG - Creating converter from 5 to 7
2025-01-02 17:31:09,413 - DEBUG - Creating converter from 7 to 5
2025-01-02 17:31:09,413 - DEBUG - Creating converter from 5 to 7
2025-01-02 17:31:11,073 - DEBUG - CACHEDIR=C:\Users\sajad\.matplotlib
2025-01-02 17:31:11,077 - DEBUG - Using fontManager instance from C:\Users\sajad\.matplotlib\fontlist-v330.json
2025-01-02 17:31:12,595 - DEBUG - Starting new HTTPS connection (1): huggingface.co:443
2025-01-02 17:31:12,975 - DEBUG - https://huggingface.co:443 "HEAD /ProsusAI/finbert/resolve/main/config.json HTTP/1.1" 200 0
2025-01-02 17:31:14,325 - DEBUG - https://huggingface.co:443 "HEAD /facebook/bart-large-cnn/resolve/main/config.json HTTP/1.1" 200 0
2025-01-02 17:31:19,785 - DEBUG - https://huggingface.co:443 "HEAD /facebook/bart-large-cnn/resolve/main/generation_config.json HTTP/1.1" 200 0
2025-01-02 17:31:21,695 - WARNING - From C:\Users\sajad\AppData\Local\Programs\Python\Python310\lib\site-packages\keras\src\backend\common\global_state.py:82: The name tf.reset_default_graph is deprecated. Please use tf.compat.v1.reset_default_graph instead.

2025-01-02 17:31:34,902 - DEBUG - Starting new HTTPS connection (1): huggingface.co:443
2025-01-02 17:31:35,136 - DEBUG - https://huggingface.co:443 "HEAD /facebook/rag-token-nq/resolve/main/config.json HTTP/1.1" 200 0
2025-01-02 17:31:35,139 - DEBUG - Attempting to acquire lock 2333178617936 on C:\Users\sajad/.cache\huggingface\hub\.locks\models--facebook--rag-token-nq\a4d11890712101a046f888f01e03218f337ae56f.lock
2025-01-02 17:31:35,140 - DEBUG - Lock 2333178617936 acquired on C:\Users\sajad/.cache\huggingface\hub\.locks\models--facebook--rag-token-nq\a4d11890712101a046f888f01e03218f337ae56f.lock
2025-01-02 17:31:35,270 - DEBUG - https://huggingface.co:443 "GET /facebook/rag-token-nq/resolve/main/config.json HTTP/1.1" 200 4602
2025-01-02 17:31:35,279 - DEBUG - Attempting to release lock 2333178617936 on C:\Users\sajad/.cache\huggingface\hub\.locks\models--facebook--rag-token-nq\a4d11890712101a046f888f01e03218f337ae56f.lock
2025-01-02 17:31:35,279 - DEBUG - Lock 2333178617936 released on C:\Users\sajad/.cache\huggingface\hub\.locks\models--facebook--rag-token-nq\a4d11890712101a046f888f01e03218f337ae56f.lock
2025-01-02 17:31:35,595 - DEBUG - https://huggingface.co:443 "HEAD /facebook/rag-token-nq/resolve/main/question_encoder_tokenizer/tokenizer_config.json HTTP/1.1" 200 0
2025-01-02 17:31:35,604 - DEBUG - Attempting to acquire lock 2335263499904 on C:\Users\sajad/.cache\huggingface\hub\.locks\models--facebook--rag-token-nq\e5c73d8a50df1f56fb5b0b8002d7cf4010afdccb.lock
2025-01-02 17:31:35,605 - DEBUG - Lock 2335263499904 acquired on C:\Users\sajad/.cache\huggingface\hub\.locks\models--facebook--rag-token-nq\e5c73d8a50df1f56fb5b0b8002d7cf4010afdccb.lock
2025-01-02 17:31:35,728 - DEBUG - https://huggingface.co:443 "GET /facebook/rag-token-nq/resolve/main/question_encoder_tokenizer/tokenizer_config.json HTTP/1.1" 200 48
2025-01-02 17:31:35,732 - DEBUG - Attempting to release lock 2335263499904 on C:\Users\sajad/.cache\huggingface\hub\.locks\models--facebook--rag-token-nq\e5c73d8a50df1f56fb5b0b8002d7cf4010afdccb.lock
2025-01-02 17:31:35,733 - DEBUG - Lock 2335263499904 released on C:\Users\sajad/.cache\huggingface\hub\.locks\models--facebook--rag-token-nq\e5c73d8a50df1f56fb5b0b8002d7cf4010afdccb.lock
2025-01-02 17:31:35,882 - DEBUG - https://huggingface.co:443 "HEAD /facebook/rag-token-nq/resolve/main/question_encoder_tokenizer/vocab.txt HTTP/1.1" 200 0
2025-01-02 17:31:35,883 - DEBUG - Attempting to acquire lock 2335263500624 on C:\Users\sajad/.cache\huggingface\hub\.locks\models--facebook--rag-token-nq\fb140275c155a9c7c5a3b3e0e77a9e839594a938.lock
2025-01-02 17:31:35,884 - DEBUG - Lock 2335263500624 acquired on C:\Users\sajad/.cache\huggingface\hub\.locks\models--facebook--rag-token-nq\fb140275c155a9c7c5a3b3e0e77a9e839594a938.lock
2025-01-02 17:31:36,015 - DEBUG - https://huggingface.co:443 "GET /facebook/rag-token-nq/resolve/main/question_encoder_tokenizer/vocab.txt HTTP/1.1" 200 231508
2025-01-02 17:31:36,284 - DEBUG - Attempting to release lock 2335263500624 on C:\Users\sajad/.cache\huggingface\hub\.locks\models--facebook--rag-token-nq\fb140275c155a9c7c5a3b3e0e77a9e839594a938.lock
2025-01-02 17:31:36,284 - DEBUG - Lock 2335263500624 released on C:\Users\sajad/.cache\huggingface\hub\.locks\models--facebook--rag-token-nq\fb140275c155a9c7c5a3b3e0e77a9e839594a938.lock
2025-01-02 17:31:36,417 - DEBUG - https://huggingface.co:443 "HEAD /facebook/rag-token-nq/resolve/main/question_encoder_tokenizer/tokenizer.json HTTP/1.1" 404 0
2025-01-02 17:31:36,545 - DEBUG - https://huggingface.co:443 "HEAD /facebook/rag-token-nq/resolve/main/question_encoder_tokenizer/added_tokens.json HTTP/1.1" 404 0
2025-01-02 17:31:36,679 - DEBUG - https://huggingface.co:443 "HEAD /facebook/rag-token-nq/resolve/main/question_encoder_tokenizer/special_tokens_map.json HTTP/1.1" 200 0
2025-01-02 17:31:36,683 - DEBUG - Attempting to acquire lock 2335263505088 on C:\Users\sajad/.cache\huggingface\hub\.locks\models--facebook--rag-token-nq\e7b0375001f109a6b8873d756ad4f7bbb15fbaa5.lock
2025-01-02 17:31:36,684 - DEBUG - Lock 2335263505088 acquired on C:\Users\sajad/.cache\huggingface\hub\.locks\models--facebook--rag-token-nq\e7b0375001f109a6b8873d756ad4f7bbb15fbaa5.lock
2025-01-02 17:31:36,935 - DEBUG - https://huggingface.co:443 "GET /facebook/rag-token-nq/resolve/main/question_encoder_tokenizer/special_tokens_map.json HTTP/1.1" 200 112
2025-01-02 17:31:36,938 - DEBUG - Attempting to release lock 2335263505088 on C:\Users\sajad/.cache\huggingface\hub\.locks\models--facebook--rag-token-nq\e7b0375001f109a6b8873d756ad4f7bbb15fbaa5.lock
2025-01-02 17:31:36,938 - DEBUG - Lock 2335263505088 released on C:\Users\sajad/.cache\huggingface\hub\.locks\models--facebook--rag-token-nq\e7b0375001f109a6b8873d756ad4f7bbb15fbaa5.lock
2025-01-02 17:31:37,126 - DEBUG - https://huggingface.co:443 "HEAD /facebook/rag-token-nq/resolve/main/generator_tokenizer/tokenizer_config.json HTTP/1.1" 200 0
2025-01-02 17:31:37,131 - DEBUG - Attempting to acquire lock 2335263505088 on C:\Users\sajad/.cache\huggingface\hub\.locks\models--facebook--rag-token-nq\be4d21d94f3b4687e5a54d84bf6ab46ed0f8defd.lock
2025-01-02 17:31:37,132 - DEBUG - Lock 2335263505088 acquired on C:\Users\sajad/.cache\huggingface\hub\.locks\models--facebook--rag-token-nq\be4d21d94f3b4687e5a54d84bf6ab46ed0f8defd.lock
2025-01-02 17:31:37,263 - DEBUG - https://huggingface.co:443 "GET /facebook/rag-token-nq/resolve/main/generator_tokenizer/tokenizer_config.json HTTP/1.1" 200 26
2025-01-02 17:31:37,271 - DEBUG - Attempting to release lock 2335263505088 on C:\Users\sajad/.cache\huggingface\hub\.locks\models--facebook--rag-token-nq\be4d21d94f3b4687e5a54d84bf6ab46ed0f8defd.lock
2025-01-02 17:31:37,272 - DEBUG - Lock 2335263505088 released on C:\Users\sajad/.cache\huggingface\hub\.locks\models--facebook--rag-token-nq\be4d21d94f3b4687e5a54d84bf6ab46ed0f8defd.lock
2025-01-02 17:31:37,602 - DEBUG - https://huggingface.co:443 "HEAD /facebook/rag-token-nq/resolve/main/generator_tokenizer/vocab.json HTTP/1.1" 200 0
2025-01-02 17:31:37,607 - DEBUG - Attempting to acquire lock 2335263504560 on C:\Users\sajad/.cache\huggingface\hub\.locks\models--facebook--rag-token-nq\0a39732b2d8be8e493cab3da68b68cc3e28221de.lock
2025-01-02 17:31:37,609 - DEBUG - Lock 2335263504560 acquired on C:\Users\sajad/.cache\huggingface\hub\.locks\models--facebook--rag-token-nq\0a39732b2d8be8e493cab3da68b68cc3e28221de.lock
2025-01-02 17:31:37,808 - DEBUG - https://huggingface.co:443 "GET /facebook/rag-token-nq/resolve/main/generator_tokenizer/vocab.json HTTP/1.1" 200 898822
2025-01-02 17:31:37,936 - DEBUG - Attempting to release lock 2335263504560 on C:\Users\sajad/.cache\huggingface\hub\.locks\models--facebook--rag-token-nq\0a39732b2d8be8e493cab3da68b68cc3e28221de.lock
2025-01-02 17:31:37,936 - DEBUG - Lock 2335263504560 released on C:\Users\sajad/.cache\huggingface\hub\.locks\models--facebook--rag-token-nq\0a39732b2d8be8e493cab3da68b68cc3e28221de.lock
2025-01-02 17:31:38,273 - DEBUG - https://huggingface.co:443 "HEAD /facebook/rag-token-nq/resolve/main/generator_tokenizer/merges.txt HTTP/1.1" 200 0
2025-01-02 17:31:38,275 - DEBUG - Attempting to acquire lock 2335263504848 on C:\Users\sajad/.cache\huggingface\hub\.locks\models--facebook--rag-token-nq\226b0752cac7789c48f0cb3ec53eda48b7be36cc.lock
2025-01-02 17:31:38,276 - DEBUG - Lock 2335263504848 acquired on C:\Users\sajad/.cache\huggingface\hub\.locks\models--facebook--rag-token-nq\226b0752cac7789c48f0cb3ec53eda48b7be36cc.lock
2025-01-02 17:31:38,419 - DEBUG - https://huggingface.co:443 "GET /facebook/rag-token-nq/resolve/main/generator_tokenizer/merges.txt HTTP/1.1" 200 456318
2025-01-02 17:31:38,607 - DEBUG - Attempting to release lock 2335263504848 on C:\Users\sajad/.cache\huggingface\hub\.locks\models--facebook--rag-token-nq\226b0752cac7789c48f0cb3ec53eda48b7be36cc.lock
2025-01-02 17:31:38,607 - DEBUG - Lock 2335263504848 released on C:\Users\sajad/.cache\huggingface\hub\.locks\models--facebook--rag-token-nq\226b0752cac7789c48f0cb3ec53eda48b7be36cc.lock
2025-01-02 17:31:38,732 - DEBUG - https://huggingface.co:443 "HEAD /facebook/rag-token-nq/resolve/main/generator_tokenizer/tokenizer.json HTTP/1.1" 404 0
2025-01-02 17:31:38,864 - DEBUG - https://huggingface.co:443 "HEAD /facebook/rag-token-nq/resolve/main/generator_tokenizer/added_tokens.json HTTP/1.1" 404 0
2025-01-02 17:31:39,005 - DEBUG - https://huggingface.co:443 "HEAD /facebook/rag-token-nq/resolve/main/generator_tokenizer/special_tokens_map.json HTTP/1.1" 200 0
2025-01-02 17:31:39,009 - DEBUG - Attempting to acquire lock 2335263501200 on C:\Users\sajad/.cache\huggingface\hub\.locks\models--facebook--rag-token-nq\e97d1993365bb21c88f390e8703e4c1af564821f.lock
2025-01-02 17:31:39,010 - DEBUG - Lock 2335263501200 acquired on C:\Users\sajad/.cache\huggingface\hub\.locks\models--facebook--rag-token-nq\e97d1993365bb21c88f390e8703e4c1af564821f.lock
2025-01-02 17:31:39,137 - DEBUG - https://huggingface.co:443 "GET /facebook/rag-token-nq/resolve/main/generator_tokenizer/special_tokens_map.json HTTP/1.1" 200 772
2025-01-02 17:31:39,146 - DEBUG - Attempting to release lock 2335263501200 on C:\Users\sajad/.cache\huggingface\hub\.locks\models--facebook--rag-token-nq\e97d1993365bb21c88f390e8703e4c1af564821f.lock
2025-01-02 17:31:39,147 - DEBUG - Lock 2335263501200 released on C:\Users\sajad/.cache\huggingface\hub\.locks\models--facebook--rag-token-nq\e97d1993365bb21c88f390e8703e4c1af564821f.lock
2025-01-02 17:31:39,408 - ERROR - Error during chatbot response generation: 
RagRetriever requires the \U0001f917 Datasets library but it was not found in your environment. You can install it with:
```
pip install datasets
```
In a notebook or a colab, you can install it by executing a cell with
```
!pip install datasets
```
then restarting your kernel.

Note that if you have a local folder named `datasets` or a local python file named `datasets.py` in your current
working directory, python may try to import this instead of the \U0001f917 Datasets library. You should rename this folder or
that python file if that's the case. Please note that you may need to restart your runtime after installation.

RagRetriever requires the faiss library but it was not found in your environment. Checkout the instructions on the
installation page of its repo: https://github.com/facebookresearch/faiss/blob/master/INSTALL.md and follow the ones
that match your environment. Please note that you may need to restart your runtime after installation.

2025-01-06 20:19:01,938 - INFO - Loading FinBERT sentiment analysis model...
2025-01-06 20:19:05,949 - WARNING - From C:\Users\sajad\AppData\Local\Programs\Python\Python310\lib\site-packages\tf_keras\src\losses.py:2976: The name tf.losses.sparse_softmax_cross_entropy is deprecated. Please use tf.compat.v1.losses.sparse_softmax_cross_entropy instead.

2025-01-06 20:19:07,073 - INFO - Model loaded successfully.
2025-01-06 20:19:07,654 - INFO - Updated article 7ByDxGwJsYB2napFYupM with sentiment_id UF0gcKp3uVypcREFldYs
2025-01-06 20:19:07,887 - INFO - Updated article MufJYmxh7pQ2ke0sJf07 with sentiment_id O4We72nJZWbGyaws6n7V
2025-01-06 20:19:08,113 - INFO - Updated article UH6NHfgvk3Ai8cied4ag with sentiment_id PFUoJF5ZIjvvF8VTr2N1
2025-01-06 20:19:08,343 - INFO - Updated article UxzDfX6gYLmwXrgzwaLf with sentiment_id q4iQz1DijSi0IJ9EZWsf
2025-01-06 20:19:08,563 - INFO - Updated article ZJXeEH91rUVavAAZjAn6 with sentiment_id NrKg5i5yaHN1oOq0V70M
2025-01-06 20:19:08,777 - INFO - Updated article axMq5wqpsxXtktGhz41e with sentiment_id 6og0yw3OljBawmedGXpp
2025-01-06 20:19:09,001 - INFO - Updated article cPjUPlDiyXbvnzsk0koT with sentiment_id lp8blQTu4gN34uDnfH1P
2025-01-06 20:19:09,194 - INFO - Updated article ujibuoxgDYGQGyXvMuO3 with sentiment_id YZhweFXFUpOyRBN6vkWo
2025-01-06 20:19:09,417 - INFO - Updated article yG5hvDjCwKv8QKwOWPid with sentiment_id DYpaXSPXrYTWEYxnFpY2
2025-01-06 20:19:09,640 - INFO - Updated article z3oLLYrPCuKclFLgKqMi with sentiment_id ioQ0VU7L5LL0kI6LnetO
2025-01-06 20:19:19,376 - INFO - Loading FinBERT sentiment analysis model...
2025-01-06 20:19:20,231 - WARNING - From C:\Users\sajad\AppData\Local\Programs\Python\Python310\lib\site-packages\tf_keras\src\backend.py:873: The name tf.get_default_graph is deprecated. Please use tf.compat.v1.get_default_graph instead.

2025-01-06 20:19:22,234 - INFO - Model loaded successfully.
